2019-03-11 19:02:25,299 INFO     D:\Python36\lib\site-packages\django\core\servers\basehttp.py[line:124] "OPTIONS /user/usr/ HTTP/1.1" 200 0
2019-03-11 19:02:25,947 INFO     D:\Python36\lib\site-packages\django\core\servers\basehttp.py[line:124] "PUT /user/usr/ HTTP/1.1" 200 93
2019-03-11 19:02:25,982 INFO     D:\Python36\lib\site-packages\django\core\servers\basehttp.py[line:124] "OPTIONS /user/usr/ HTTP/1.1" 200 0
2019-03-11 19:02:26,163 INFO     D:\Python36\lib\site-packages\django\core\servers\basehttp.py[line:124] "GET /user/usr/ HTTP/1.1" 200 77
2019-03-11 19:04:18,602 INFO     D:\Python36\lib\site-packages\django\core\servers\basehttp.py[line:124] "GET /user/usr/ HTTP/1.1" 200 77
2019-03-11 19:04:24,086 INFO     D:\Python36\lib\site-packages\django\core\servers\basehttp.py[line:124] "PUT /user/usr/ HTTP/1.1" 200 93
2019-03-11 19:04:24,146 INFO     D:\Python36\lib\site-packages\django\core\servers\basehttp.py[line:124] "GET /user/usr/ HTTP/1.1" 200 77
2019-03-11 19:12:56,401 INFO     D:\Python36\lib\site-packages\django\core\servers\basehttp.py[line:124] "OPTIONS /user/usr/ HTTP/1.1" 200 0
2019-03-11 19:12:57,017 INFO     D:\Python36\lib\site-packages\django\core\servers\basehttp.py[line:124] "PUT /user/usr/ HTTP/1.1" 200 93
2019-03-11 19:12:57,039 INFO     D:\Python36\lib\site-packages\django\core\servers\basehttp.py[line:124] "OPTIONS /user/usr/ HTTP/1.1" 200 0
2019-03-11 19:12:57,107 INFO     D:\Python36\lib\site-packages\django\core\servers\basehttp.py[line:124] "GET /user/usr/ HTTP/1.1" 200 77
2019-03-12 08:37:53,402 INFO     D:\Python36\lib\site-packages\django\core\servers\basehttp.py[line:124] "OPTIONS /user/usr/ HTTP/1.1" 200 0
2019-03-12 08:37:53,926 INFO     D:\Python36\lib\site-packages\django\core\servers\basehttp.py[line:124] "GET /user/usr/ HTTP/1.1" 200 77
2019-03-12 08:49:32,949 INFO     D:\Python36\lib\site-packages\django\core\servers\basehttp.py[line:124] "OPTIONS /user/usr/ HTTP/1.1" 200 0
2019-03-12 08:49:33,533 INFO     D:\Python36\lib\site-packages\django\core\servers\basehttp.py[line:124] "PUT /user/usr/ HTTP/1.1" 200 93
2019-03-12 08:49:33,593 INFO     D:\Python36\lib\site-packages\django\core\servers\basehttp.py[line:124] "OPTIONS /user/usr/ HTTP/1.1" 200 0
2019-03-12 08:49:33,882 INFO     D:\Python36\lib\site-packages\django\core\servers\basehttp.py[line:124] "GET /user/usr/ HTTP/1.1" 200 77
2019-03-12 08:57:50,761 INFO     D:\Python36\lib\site-packages\django\core\servers\basehttp.py[line:124] "OPTIONS /user/usr/ HTTP/1.1" 200 0
2019-03-12 08:57:50,959 INFO     D:\Python36\lib\site-packages\django\core\servers\basehttp.py[line:124] "GET /user/usr/ HTTP/1.1" 200 77
2019-03-12 08:59:24,564 INFO     D:\Python36\lib\site-packages\django\core\servers\basehttp.py[line:124] "OPTIONS /user/usr/ HTTP/1.1" 200 0
2019-03-12 08:59:24,675 INFO     D:\Python36\lib\site-packages\django\core\servers\basehttp.py[line:124] "GET /user/usr/ HTTP/1.1" 200 77
2019-03-12 08:59:27,442 INFO     D:\Python36\lib\site-packages\django\core\servers\basehttp.py[line:124] "OPTIONS /user/usr/ HTTP/1.1" 200 0
2019-03-12 08:59:27,540 INFO     D:\Python36\lib\site-packages\django\core\servers\basehttp.py[line:124] "GET /user/usr/ HTTP/1.1" 200 77
2019-03-12 09:03:44,262 INFO     D:\Python36\lib\site-packages\django\core\servers\basehttp.py[line:124] "OPTIONS /user/usr/ HTTP/1.1" 200 0
2019-03-12 09:03:44,375 INFO     D:\Python36\lib\site-packages\django\core\servers\basehttp.py[line:124] "GET /user/usr/ HTTP/1.1" 200 77
2019-03-12 09:04:02,451 INFO     D:\Python36\lib\site-packages\django\core\servers\basehttp.py[line:124] "OPTIONS /user/usr/ HTTP/1.1" 200 0
2019-03-12 09:04:02,618 INFO     D:\Python36\lib\site-packages\django\core\servers\basehttp.py[line:124] "GET /user/usr/ HTTP/1.1" 200 77
2019-03-12 09:05:01,546 INFO     D:\Python36\lib\site-packages\django\core\servers\basehttp.py[line:124] "OPTIONS /user/usr/ HTTP/1.1" 200 0
2019-03-12 09:05:01,595 INFO     D:\Python36\lib\site-packages\django\core\servers\basehttp.py[line:124] "GET /user/usr/ HTTP/1.1" 200 77
2019-03-12 09:06:59,525 INFO     D:\Python36\lib\site-packages\django\core\servers\basehttp.py[line:124] "OPTIONS /user/usr/ HTTP/1.1" 200 0
2019-03-12 09:06:59,547 INFO     D:\Python36\lib\site-packages\django\core\servers\basehttp.py[line:124] "GET /user/usr/ HTTP/1.1" 200 77
2019-03-12 09:07:01,496 INFO     D:\Python36\lib\site-packages\django\core\servers\basehttp.py[line:124] "OPTIONS /user/usr/ HTTP/1.1" 200 0
2019-03-12 09:07:01,515 INFO     D:\Python36\lib\site-packages\django\core\servers\basehttp.py[line:124] "GET /user/usr/ HTTP/1.1" 200 77
2019-03-12 09:07:07,038 INFO     D:\Python36\lib\site-packages\django\core\servers\basehttp.py[line:124] "OPTIONS /user/usr/ HTTP/1.1" 200 0
2019-03-12 09:07:07,101 INFO     D:\Python36\lib\site-packages\django\core\servers\basehttp.py[line:124] "GET /user/usr/ HTTP/1.1" 200 77
2019-03-12 09:08:02,338 INFO     D:\Python36\lib\site-packages\django\core\servers\basehttp.py[line:124] "OPTIONS /user/usr/ HTTP/1.1" 200 0
2019-03-12 09:08:02,489 INFO     D:\Python36\lib\site-packages\django\core\servers\basehttp.py[line:124] "GET /user/usr/ HTTP/1.1" 200 77
2019-03-12 09:12:36,489 INFO     D:\Python36\lib\site-packages\django\core\servers\basehttp.py[line:124] "OPTIONS /user/usr/ HTTP/1.1" 200 0
2019-03-12 09:12:36,681 INFO     D:\Python36\lib\site-packages\django\core\servers\basehttp.py[line:124] "GET /user/usr/ HTTP/1.1" 200 77
2019-03-12 09:13:38,454 INFO     D:\Python36\lib\site-packages\django\core\servers\basehttp.py[line:124] "OPTIONS /user/usr/ HTTP/1.1" 200 0
2019-03-12 09:13:38,603 INFO     D:\Python36\lib\site-packages\django\core\servers\basehttp.py[line:124] "GET /user/usr/ HTTP/1.1" 200 77
2019-03-12 09:13:42,148 INFO     D:\Python36\lib\site-packages\django\core\servers\basehttp.py[line:124] "OPTIONS /user/usr/ HTTP/1.1" 200 0
2019-03-12 09:13:42,301 INFO     D:\Python36\lib\site-packages\django\core\servers\basehttp.py[line:124] "GET /user/usr/ HTTP/1.1" 200 77
2019-03-13 18:45:01,430 INFO     D:\Python36\lib\site-packages\django\core\servers\basehttp.py[line:124] "OPTIONS /user/usr/ HTTP/1.1" 200 0
2019-03-13 18:45:01,903 INFO     D:\Python36\lib\site-packages\django\core\servers\basehttp.py[line:124] "PUT /user/usr/ HTTP/1.1" 200 93
2019-03-13 18:45:01,934 INFO     D:\Python36\lib\site-packages\django\core\servers\basehttp.py[line:124] "OPTIONS /user/usr/ HTTP/1.1" 200 0
2019-03-13 18:45:01,973 INFO     D:\Python36\lib\site-packages\django\core\servers\basehttp.py[line:124] "GET /user/usr/ HTTP/1.1" 200 77
2019-03-13 18:50:25,467 INFO     D:\Python36\lib\site-packages\django\core\servers\basehttp.py[line:124] "OPTIONS /user/usr/ HTTP/1.1" 200 0
2019-03-13 18:50:25,732 INFO     D:\Python36\lib\site-packages\django\core\servers\basehttp.py[line:124] "GET /user/usr/ HTTP/1.1" 200 77
2019-03-13 18:54:33,614 INFO     D:\Python36\lib\site-packages\django\core\servers\basehttp.py[line:124] "GET /user/usr/ HTTP/1.1" 200 77
2019-03-13 18:54:33,631 INFO     D:\Python36\lib\site-packages\django\core\servers\basehttp.py[line:124] "OPTIONS /user/usr/ HTTP/1.1" 200 0
2019-03-13 18:54:33,671 INFO     D:\Python36\lib\site-packages\django\core\servers\basehttp.py[line:124] "GET /user/usr/ HTTP/1.1" 200 77
2019-03-13 18:54:36,667 INFO     D:\Python36\lib\site-packages\django\core\servers\basehttp.py[line:124] "OPTIONS /user/usr/ HTTP/1.1" 200 0
2019-03-13 18:54:36,959 INFO     D:\Python36\lib\site-packages\django\core\servers\basehttp.py[line:124] "GET /user/usr/ HTTP/1.1" 200 77
2019-03-13 18:55:19,907 INFO     D:\Python36\lib\site-packages\django\core\servers\basehttp.py[line:124] "OPTIONS /user/usr/ HTTP/1.1" 200 0
2019-03-13 18:55:20,070 INFO     D:\Python36\lib\site-packages\django\core\servers\basehttp.py[line:124] "GET /user/usr/ HTTP/1.1" 200 77
2019-03-13 18:59:09,870 INFO     D:\Python36\lib\site-packages\django\core\servers\basehttp.py[line:124] "OPTIONS /user/usr/ HTTP/1.1" 200 0
2019-03-13 18:59:10,328 INFO     D:\Python36\lib\site-packages\django\core\servers\basehttp.py[line:124] "PUT /user/usr/ HTTP/1.1" 200 93
2019-03-13 18:59:10,392 INFO     D:\Python36\lib\site-packages\django\core\servers\basehttp.py[line:124] "OPTIONS /user/usr/ HTTP/1.1" 200 0
2019-03-13 18:59:10,431 INFO     D:\Python36\lib\site-packages\django\core\servers\basehttp.py[line:124] "GET /user/usr/ HTTP/1.1" 200 77
2019-03-13 19:06:58,296 INFO     D:\Python36\lib\site-packages\django\core\servers\basehttp.py[line:124] "OPTIONS /user/usr/ HTTP/1.1" 200 0
2019-03-13 19:06:58,434 INFO     D:\Python36\lib\site-packages\django\core\servers\basehttp.py[line:124] "GET /user/usr/ HTTP/1.1" 200 77
2019-03-13 19:10:42,423 INFO     D:\Python36\lib\site-packages\django\core\servers\basehttp.py[line:124] "OPTIONS /user/usr/ HTTP/1.1" 200 0
2019-03-13 19:10:42,639 INFO     D:\Python36\lib\site-packages\django\core\servers\basehttp.py[line:124] "GET /user/usr/ HTTP/1.1" 200 77
2019-03-13 19:13:34,036 INFO     D:\Python36\lib\site-packages\django\core\servers\basehttp.py[line:124] "OPTIONS /user/usr/ HTTP/1.1" 200 0
2019-03-13 19:13:34,138 INFO     D:\Python36\lib\site-packages\django\core\servers\basehttp.py[line:124] "GET /user/usr/ HTTP/1.1" 200 77
2019-03-13 19:13:43,173 INFO     D:\Python36\lib\site-packages\django\core\servers\basehttp.py[line:124] "OPTIONS /user/usr/ HTTP/1.1" 200 0
2019-03-13 19:13:43,283 INFO     D:\Python36\lib\site-packages\django\core\servers\basehttp.py[line:124] "GET /user/usr/ HTTP/1.1" 200 77
2019-03-13 19:14:06,955 INFO     D:\Python36\lib\site-packages\django\core\servers\basehttp.py[line:124] "OPTIONS /user/usr/ HTTP/1.1" 200 0
2019-03-13 19:14:07,012 INFO     D:\Python36\lib\site-packages\django\core\servers\basehttp.py[line:124] "GET /user/usr/ HTTP/1.1" 200 77
2019-03-13 19:16:46,027 INFO     D:\Python36\lib\site-packages\django\core\servers\basehttp.py[line:124] "OPTIONS /user/usr/ HTTP/1.1" 200 0
2019-03-13 19:16:46,139 INFO     D:\Python36\lib\site-packages\django\core\servers\basehttp.py[line:124] "GET /user/usr/ HTTP/1.1" 200 77
2019-03-13 19:16:51,484 INFO     D:\Python36\lib\site-packages\django\core\servers\basehttp.py[line:124] "OPTIONS /user/usr/ HTTP/1.1" 200 0
2019-03-13 19:16:51,576 INFO     D:\Python36\lib\site-packages\django\core\servers\basehttp.py[line:124] "GET /user/usr/ HTTP/1.1" 200 77
2019-03-13 19:17:11,323 INFO     D:\Python36\lib\site-packages\django\core\servers\basehttp.py[line:124] "OPTIONS /user/usr/ HTTP/1.1" 200 0
2019-03-13 19:17:11,351 INFO     D:\Python36\lib\site-packages\django\core\servers\basehttp.py[line:124] "GET /user/usr/ HTTP/1.1" 200 77
2019-03-13 19:17:16,924 INFO     D:\Python36\lib\site-packages\django\core\servers\basehttp.py[line:124] "OPTIONS /user/usr/ HTTP/1.1" 200 0
2019-03-13 19:17:16,979 INFO     D:\Python36\lib\site-packages\django\core\servers\basehttp.py[line:124] "GET /user/usr/ HTTP/1.1" 200 77
2019-03-13 19:17:31,220 INFO     D:\Python36\lib\site-packages\django\core\servers\basehttp.py[line:124] "OPTIONS /user/usr/ HTTP/1.1" 200 0
2019-03-13 19:17:31,255 INFO     D:\Python36\lib\site-packages\django\core\servers\basehttp.py[line:124] "GET /user/usr/ HTTP/1.1" 200 77
2019-03-18 19:24:53,945 INFO     D:\Python36\lib\site-packages\django\core\servers\basehttp.py[line:124] "OPTIONS /user/usr/ HTTP/1.1" 200 0
2019-03-18 19:24:56,322 INFO     D:\Python36\lib\site-packages\django\core\servers\basehttp.py[line:124] "PUT /user/usr/ HTTP/1.1" 200 93
2019-03-18 19:24:56,413 INFO     D:\Python36\lib\site-packages\django\core\servers\basehttp.py[line:124] "OPTIONS /user/usr/ HTTP/1.1" 200 0
2019-03-18 19:24:56,570 INFO     D:\Python36\lib\site-packages\django\core\servers\basehttp.py[line:124] "GET /user/usr/ HTTP/1.1" 200 77
2019-03-18 19:25:35,405 INFO     D:\Python36\lib\site-packages\django\core\servers\basehttp.py[line:124] "OPTIONS /user/usr/ HTTP/1.1" 200 0
2019-03-18 19:25:35,753 INFO     D:\Python36\lib\site-packages\django\core\servers\basehttp.py[line:124] "GET /user/usr/ HTTP/1.1" 200 77
2019-03-18 19:30:08,662 INFO     D:\Python36\lib\site-packages\django\core\servers\basehttp.py[line:124] "OPTIONS /user/usr/ HTTP/1.1" 200 0
2019-03-18 19:30:08,740 INFO     D:\Python36\lib\site-packages\django\core\servers\basehttp.py[line:124] "GET /user/usr/ HTTP/1.1" 200 77
2019-03-19 08:28:41,106 INFO     D:\Python36\lib\site-packages\django\core\servers\basehttp.py[line:124] "OPTIONS /user/usr/ HTTP/1.1" 200 0
2019-03-19 08:28:41,355 INFO     D:\Python36\lib\site-packages\django\core\servers\basehttp.py[line:124] "GET /user/usr/ HTTP/1.1" 200 77
2019-03-19 08:36:17,312 INFO     D:\Python36\lib\site-packages\django\core\servers\basehttp.py[line:124] "OPTIONS /user/usr/ HTTP/1.1" 200 0
2019-03-19 08:36:17,487 INFO     D:\Python36\lib\site-packages\django\core\servers\basehttp.py[line:124] "GET /user/usr/ HTTP/1.1" 200 77
2019-03-19 08:39:06,608 INFO     D:\Python36\lib\site-packages\django\core\servers\basehttp.py[line:124] "OPTIONS /user/usr/ HTTP/1.1" 200 0
2019-03-19 08:39:06,742 INFO     D:\Python36\lib\site-packages\django\core\servers\basehttp.py[line:124] "GET /user/usr/ HTTP/1.1" 200 77
2019-03-19 08:39:23,228 INFO     D:\Python36\lib\site-packages\django\core\servers\basehttp.py[line:124] "OPTIONS /user/usr/ HTTP/1.1" 200 0
2019-03-19 08:39:23,369 INFO     D:\Python36\lib\site-packages\django\core\servers\basehttp.py[line:124] "GET /user/usr/ HTTP/1.1" 200 77
2019-03-19 08:40:51,967 INFO     D:\Python36\lib\site-packages\django\core\servers\basehttp.py[line:124] "OPTIONS /user/usr/ HTTP/1.1" 200 0
2019-03-19 08:40:52,092 INFO     D:\Python36\lib\site-packages\django\core\servers\basehttp.py[line:124] "GET /user/usr/ HTTP/1.1" 200 77
2019-03-19 08:42:03,915 INFO     D:\Python36\lib\site-packages\django\core\servers\basehttp.py[line:124] "OPTIONS /user/usr/ HTTP/1.1" 200 0
2019-03-19 08:42:04,001 INFO     D:\Python36\lib\site-packages\django\core\servers\basehttp.py[line:124] "GET /user/usr/ HTTP/1.1" 200 77
2019-03-19 08:42:26,885 INFO     D:\Python36\lib\site-packages\django\core\servers\basehttp.py[line:124] "OPTIONS /user/usr/ HTTP/1.1" 200 0
2019-03-19 08:42:27,000 INFO     D:\Python36\lib\site-packages\django\core\servers\basehttp.py[line:124] "GET /user/usr/ HTTP/1.1" 200 77
2019-03-19 08:42:57,661 INFO     D:\Python36\lib\site-packages\django\core\servers\basehttp.py[line:124] "OPTIONS /user/usr/ HTTP/1.1" 200 0
2019-03-19 08:42:57,755 INFO     D:\Python36\lib\site-packages\django\core\servers\basehttp.py[line:124] "GET /user/usr/ HTTP/1.1" 200 77
2019-03-19 08:43:13,558 INFO     D:\Python36\lib\site-packages\django\core\servers\basehttp.py[line:124] "OPTIONS /user/usr/ HTTP/1.1" 200 0
2019-03-19 08:43:13,662 INFO     D:\Python36\lib\site-packages\django\core\servers\basehttp.py[line:124] "GET /user/usr/ HTTP/1.1" 200 77
2019-03-19 08:43:17,592 INFO     D:\Python36\lib\site-packages\django\core\servers\basehttp.py[line:124] "OPTIONS /user/usr/ HTTP/1.1" 200 0
2019-03-19 08:43:17,713 INFO     D:\Python36\lib\site-packages\django\core\servers\basehttp.py[line:124] "GET /user/usr/ HTTP/1.1" 200 77
2019-03-19 08:45:01,484 INFO     D:\Python36\lib\site-packages\django\core\servers\basehttp.py[line:124] "OPTIONS /user/usr/ HTTP/1.1" 200 0
2019-03-19 08:45:01,560 INFO     D:\Python36\lib\site-packages\django\core\servers\basehttp.py[line:124] "GET /user/usr/ HTTP/1.1" 200 77
2019-03-19 08:45:29,987 INFO     D:\Python36\lib\site-packages\django\core\servers\basehttp.py[line:124] "OPTIONS /user/usr/ HTTP/1.1" 200 0
2019-03-19 08:45:30,088 INFO     D:\Python36\lib\site-packages\django\core\servers\basehttp.py[line:124] "GET /user/usr/ HTTP/1.1" 200 77
2019-03-19 08:47:38,328 INFO     D:\Python36\lib\site-packages\django\core\servers\basehttp.py[line:124] "OPTIONS /user/usr/ HTTP/1.1" 200 0
2019-03-19 08:47:38,465 INFO     D:\Python36\lib\site-packages\django\core\servers\basehttp.py[line:124] "GET /user/usr/ HTTP/1.1" 200 77
2019-03-19 08:58:39,316 INFO     D:\Python36\lib\site-packages\django\core\servers\basehttp.py[line:124] "OPTIONS /user/usr/ HTTP/1.1" 200 0
2019-03-19 08:58:39,442 INFO     D:\Python36\lib\site-packages\django\core\servers\basehttp.py[line:124] "GET /user/usr/ HTTP/1.1" 200 77
2019-03-19 09:09:26,104 INFO     D:\Python36\lib\site-packages\django\core\servers\basehttp.py[line:124] "OPTIONS /user/usr/ HTTP/1.1" 200 0
2019-03-19 09:09:26,265 INFO     D:\Python36\lib\site-packages\django\core\servers\basehttp.py[line:124] "GET /user/usr/ HTTP/1.1" 200 77
2019-03-28 08:55:29,421 INFO     D:\Python36\lib\site-packages\django\core\servers\basehttp.py[line:124] "OPTIONS /user/usr/ HTTP/1.1" 200 0
2019-03-28 08:55:29,542 INFO     D:\Python36\lib\site-packages\django\core\servers\basehttp.py[line:124] "GET /user/usr/ HTTP/1.1" 200 65
2019-03-28 08:55:32,870 INFO     D:\Python36\lib\site-packages\django\core\servers\basehttp.py[line:124] "PUT /user/usr/ HTTP/1.1" 200 93
2019-03-28 08:55:32,902 INFO     D:\Python36\lib\site-packages\django\core\servers\basehttp.py[line:124] "GET /user/usr/ HTTP/1.1" 200 77
2019-03-28 09:19:30,332 INFO     D:\Python36\lib\site-packages\django\core\servers\basehttp.py[line:124] "OPTIONS /user/usr/ HTTP/1.1" 200 0
2019-03-28 09:19:30,702 INFO     D:\Python36\lib\site-packages\django\core\servers\basehttp.py[line:124] "PUT /user/usr/ HTTP/1.1" 200 93
2019-03-28 09:19:30,738 INFO     D:\Python36\lib\site-packages\django\core\servers\basehttp.py[line:124] "OPTIONS /user/usr/ HTTP/1.1" 200 0
2019-03-28 09:19:30,762 INFO     D:\Python36\lib\site-packages\django\core\servers\basehttp.py[line:124] "GET /user/usr/ HTTP/1.1" 200 77
2019-03-28 09:28:04,300 INFO     D:\Python36\lib\site-packages\django\core\servers\basehttp.py[line:124] "OPTIONS /servers/service/ HTTP/1.1" 200 0
2019-03-28 09:28:04,408 INFO     D:\Python36\lib\site-packages\django\core\servers\basehttp.py[line:124] "POST /servers/service/ HTTP/1.1" 200 59
2019-03-28 09:30:37,492 INFO     D:\Python36\lib\site-packages\django\core\servers\basehttp.py[line:124] "OPTIONS /servers/service/ HTTP/1.1" 200 0
2019-03-28 09:30:37,612 INFO     D:\Python36\lib\site-packages\django\core\servers\basehttp.py[line:124] "POST /servers/service/ HTTP/1.1" 200 78
2019-03-28 15:07:04,405 INFO     D:\Python36\lib\site-packages\django\core\servers\basehttp.py[line:124] "OPTIONS /servers/service/ HTTP/1.1" 200 0
2019-03-28 15:07:04,593 INFO     D:\Python36\lib\site-packages\django\core\servers\basehttp.py[line:124] "POST /servers/service/ HTTP/1.1" 200 78
2019-03-28 15:07:37,235 INFO     D:\Python36\lib\site-packages\django\core\servers\basehttp.py[line:124] "OPTIONS /servers/service/ HTTP/1.1" 200 0
2019-03-28 15:07:37,410 INFO     D:\Python36\lib\site-packages\django\core\servers\basehttp.py[line:124] "POST /servers/service/ HTTP/1.1" 200 78
2019-03-28 15:08:44,622 INFO     D:\Python36\lib\site-packages\django\core\servers\basehttp.py[line:124] "OPTIONS /servers/service/ HTTP/1.1" 200 0
2019-03-28 15:08:44,935 INFO     D:\Python36\lib\site-packages\django\core\servers\basehttp.py[line:124] "POST /servers/service/ HTTP/1.1" 200 78
2019-03-28 15:10:46,054 INFO     D:\Python36\lib\site-packages\django\core\servers\basehttp.py[line:124] "OPTIONS /servers/service/ HTTP/1.1" 200 0
2019-03-28 15:10:46,330 INFO     D:\Python36\lib\site-packages\django\core\servers\basehttp.py[line:124] "POST /servers/service/ HTTP/1.1" 200 78
2019-03-28 15:11:39,889 INFO     D:\Python36\lib\site-packages\django\core\servers\basehttp.py[line:124] "OPTIONS /servers/service/ HTTP/1.1" 200 0
2019-03-28 15:11:40,129 INFO     D:\Python36\lib\site-packages\django\core\servers\basehttp.py[line:124] "POST /servers/service/ HTTP/1.1" 200 78
2019-03-28 15:14:01,142 INFO     D:\Python36\lib\site-packages\django\core\servers\basehttp.py[line:124] "OPTIONS /servers/service/ HTTP/1.1" 200 0
2019-03-28 15:14:01,333 INFO     D:\Python36\lib\site-packages\django\core\servers\basehttp.py[line:124] "POST /servers/service/ HTTP/1.1" 200 78
2019-03-28 15:14:27,772 INFO     D:\Python36\lib\site-packages\django\core\servers\basehttp.py[line:124] "OPTIONS /servers/service/ HTTP/1.1" 200 0
2019-03-28 15:14:27,922 INFO     D:\Python36\lib\site-packages\django\core\servers\basehttp.py[line:124] "POST /servers/service/ HTTP/1.1" 200 78
2019-03-28 15:14:27,927 INFO     D:\Python36\lib\site-packages\django\core\servers\basehttp.py[line:124] "OPTIONS /servers/service/ HTTP/1.1" 200 0
2019-03-28 15:14:28,016 INFO     D:\Python36\lib\site-packages\django\core\servers\basehttp.py[line:124] "GET /servers/service/ HTTP/1.1" 200 59
2019-03-28 15:16:28,133 INFO     D:\Python36\lib\site-packages\django\core\servers\basehttp.py[line:124] "OPTIONS /servers/service/ HTTP/1.1" 200 0
2019-03-28 15:16:28,370 INFO     D:\Python36\lib\site-packages\django\core\servers\basehttp.py[line:124] "POST /servers/service/ HTTP/1.1" 200 78
2019-03-28 15:16:28,387 INFO     D:\Python36\lib\site-packages\django\core\servers\basehttp.py[line:124] "OPTIONS /servers/service/ HTTP/1.1" 200 0
2019-03-28 15:16:28,430 INFO     D:\Python36\lib\site-packages\django\core\servers\basehttp.py[line:124] "GET /servers/service/ HTTP/1.1" 200 59
2019-03-28 15:18:12,403 INFO     D:\Python36\lib\site-packages\django\core\servers\basehttp.py[line:124] "OPTIONS /servers/service/ HTTP/1.1" 200 0
2019-03-28 15:18:12,585 INFO     D:\Python36\lib\site-packages\django\core\servers\basehttp.py[line:124] "POST /servers/service/ HTTP/1.1" 200 78
2019-03-28 15:18:12,595 INFO     D:\Python36\lib\site-packages\django\core\servers\basehttp.py[line:124] "OPTIONS /servers/service/ HTTP/1.1" 200 0
2019-03-28 15:18:12,704 INFO     D:\Python36\lib\site-packages\django\core\servers\basehttp.py[line:124] "GET /servers/service/ HTTP/1.1" 200 1104
2019-03-28 15:21:10,449 INFO     D:\Python36\lib\site-packages\django\core\servers\basehttp.py[line:124] "OPTIONS /servers/service/ HTTP/1.1" 200 0
2019-03-28 15:21:10,692 INFO     D:\Python36\lib\site-packages\django\core\servers\basehttp.py[line:124] "POST /servers/service/ HTTP/1.1" 200 78
2019-03-28 15:21:10,705 INFO     D:\Python36\lib\site-packages\django\core\servers\basehttp.py[line:124] "OPTIONS /servers/service/ HTTP/1.1" 200 0
2019-03-28 15:21:10,767 INFO     D:\Python36\lib\site-packages\django\core\servers\basehttp.py[line:124] "GET /servers/service/ HTTP/1.1" 200 1199
2019-03-28 15:23:15,639 INFO     D:\Python36\lib\site-packages\django\core\servers\basehttp.py[line:124] "OPTIONS /user/usr/ HTTP/1.1" 200 0
2019-03-28 15:23:15,797 INFO     D:\Python36\lib\site-packages\django\core\servers\basehttp.py[line:124] "GET /user/usr/ HTTP/1.1" 200 77
2019-03-28 15:23:21,316 INFO     D:\Python36\lib\site-packages\django\core\servers\basehttp.py[line:124] "OPTIONS /servers/service/ HTTP/1.1" 200 0
2019-03-28 15:23:21,526 INFO     D:\Python36\lib\site-packages\django\core\servers\basehttp.py[line:124] "POST /servers/service/ HTTP/1.1" 200 78
2019-03-28 15:23:21,535 INFO     D:\Python36\lib\site-packages\django\core\servers\basehttp.py[line:124] "OPTIONS /servers/service/ HTTP/1.1" 200 0
2019-03-28 15:23:21,631 INFO     D:\Python36\lib\site-packages\django\core\servers\basehttp.py[line:124] "GET /servers/service/ HTTP/1.1" 200 1294
2019-03-28 15:26:39,885 INFO     D:\Python36\lib\site-packages\django\core\servers\basehttp.py[line:124] "OPTIONS /user/usr/ HTTP/1.1" 200 0
2019-03-28 15:26:40,018 INFO     D:\Python36\lib\site-packages\django\core\servers\basehttp.py[line:124] "GET /user/usr/ HTTP/1.1" 200 77
2019-03-28 15:29:08,521 INFO     D:\Python36\lib\site-packages\django\core\servers\basehttp.py[line:124] "OPTIONS /servers/service/ HTTP/1.1" 200 0
2019-03-28 15:29:08,639 INFO     D:\Python36\lib\site-packages\django\core\servers\basehttp.py[line:124] "POST /servers/service/ HTTP/1.1" 200 78
2019-03-28 15:29:08,646 INFO     D:\Python36\lib\site-packages\django\core\servers\basehttp.py[line:124] "OPTIONS /servers/service/ HTTP/1.1" 200 0
2019-03-28 15:29:08,782 INFO     D:\Python36\lib\site-packages\django\core\servers\basehttp.py[line:124] "GET /servers/service/ HTTP/1.1" 200 1389
2019-03-28 15:30:29,968 INFO     D:\Python36\lib\site-packages\django\core\servers\basehttp.py[line:124] "OPTIONS /user/usr/ HTTP/1.1" 200 0
2019-03-28 15:30:30,045 INFO     D:\Python36\lib\site-packages\django\core\servers\basehttp.py[line:124] "GET /user/usr/ HTTP/1.1" 200 77
2019-03-28 15:39:58,851 INFO     D:\Python36\lib\site-packages\django\core\servers\basehttp.py[line:124] "OPTIONS /user/usr/ HTTP/1.1" 200 0
2019-03-28 15:39:59,548 INFO     D:\Python36\lib\site-packages\django\core\servers\basehttp.py[line:124] "PUT /user/usr/ HTTP/1.1" 200 93
2019-03-28 15:39:59,599 INFO     D:\Python36\lib\site-packages\django\core\servers\basehttp.py[line:124] "OPTIONS /user/usr/ HTTP/1.1" 200 0
2019-03-28 15:39:59,703 INFO     D:\Python36\lib\site-packages\django\core\servers\basehttp.py[line:124] "GET /user/usr/ HTTP/1.1" 200 77
2019-03-28 16:37:59,207 INFO     D:\Python36\lib\site-packages\django\core\servers\basehttp.py[line:124] "OPTIONS /servers/service/ HTTP/1.1" 200 0
2019-03-28 16:37:59,483 INFO     D:\Python36\lib\site-packages\django\core\servers\basehttp.py[line:124] "POST /servers/service/ HTTP/1.1" 200 78
2019-03-28 16:37:59,493 INFO     D:\Python36\lib\site-packages\django\core\servers\basehttp.py[line:124] "OPTIONS /servers/service/ HTTP/1.1" 200 0
2019-03-28 16:37:59,576 INFO     D:\Python36\lib\site-packages\django\core\servers\basehttp.py[line:124] "GET /servers/service/ HTTP/1.1" 200 1528
2019-03-28 16:38:13,327 INFO     D:\Python36\lib\site-packages\django\core\servers\basehttp.py[line:124] "OPTIONS /user/usr/ HTTP/1.1" 200 0
2019-03-28 16:38:13,400 INFO     D:\Python36\lib\site-packages\django\core\servers\basehttp.py[line:124] "GET /user/usr/ HTTP/1.1" 200 77
2019-03-28 16:39:51,459 INFO     D:\Python36\lib\site-packages\django\core\servers\basehttp.py[line:124] "OPTIONS /servers/service/ HTTP/1.1" 200 0
2019-03-28 16:39:51,548 INFO     D:\Python36\lib\site-packages\django\core\servers\basehttp.py[line:124] "GET /servers/service/ HTTP/1.1" 200 1528
2019-03-28 16:40:18,238 INFO     D:\Python36\lib\site-packages\django\core\servers\basehttp.py[line:124] "OPTIONS /servers/service/ HTTP/1.1" 200 0
2019-03-28 16:40:18,248 INFO     D:\Python36\lib\site-packages\django\core\servers\basehttp.py[line:124] "OPTIONS /user/usr/ HTTP/1.1" 200 0
2019-03-28 16:40:18,473 INFO     D:\Python36\lib\site-packages\django\core\servers\basehttp.py[line:124] "GET /user/usr/ HTTP/1.1" 200 77
2019-03-28 16:40:18,485 INFO     D:\Python36\lib\site-packages\django\core\servers\basehttp.py[line:124] "GET /servers/service/ HTTP/1.1" 200 1528
2019-03-28 16:41:22,505 INFO     D:\Python36\lib\site-packages\django\core\servers\basehttp.py[line:124] "OPTIONS /servers/service/ HTTP/1.1" 200 0
2019-03-28 16:41:22,518 INFO     D:\Python36\lib\site-packages\django\core\servers\basehttp.py[line:124] "OPTIONS /user/usr/ HTTP/1.1" 200 0
2019-03-28 16:41:22,656 INFO     D:\Python36\lib\site-packages\django\core\servers\basehttp.py[line:124] "GET /user/usr/ HTTP/1.1" 200 77
2019-03-28 16:41:22,662 INFO     D:\Python36\lib\site-packages\django\core\servers\basehttp.py[line:124] "GET /servers/service/ HTTP/1.1" 200 1528
2019-03-29 09:02:17,749 INFO     D:\Python36\lib\site-packages\django\core\servers\basehttp.py[line:124] "OPTIONS /user/usr/ HTTP/1.1" 200 0
2019-03-29 09:02:18,007 INFO     D:\Python36\lib\site-packages\django\core\servers\basehttp.py[line:124] "GET /user/usr/ HTTP/1.1" 200 77
2019-03-29 09:02:20,609 INFO     D:\Python36\lib\site-packages\django\core\servers\basehttp.py[line:124] "OPTIONS /user/usr/ HTTP/1.1" 200 0
2019-03-29 09:02:20,678 INFO     D:\Python36\lib\site-packages\django\core\servers\basehttp.py[line:124] "GET /user/usr/ HTTP/1.1" 200 77
2019-03-29 09:02:46,108 INFO     D:\Python36\lib\site-packages\django\core\servers\basehttp.py[line:124] "OPTIONS /servers/service/ HTTP/1.1" 200 0
2019-03-29 09:02:46,204 INFO     D:\Python36\lib\site-packages\django\core\servers\basehttp.py[line:124] "GET /servers/service/ HTTP/1.1" 200 1528
2019-03-29 09:02:48,097 INFO     D:\Python36\lib\site-packages\django\core\servers\basehttp.py[line:124] "OPTIONS /servers/service/ HTTP/1.1" 200 0
2019-03-29 09:02:48,113 INFO     D:\Python36\lib\site-packages\django\core\servers\basehttp.py[line:124] "OPTIONS /user/usr/ HTTP/1.1" 200 0
2019-03-29 09:02:48,245 INFO     D:\Python36\lib\site-packages\django\core\servers\basehttp.py[line:124] "GET /user/usr/ HTTP/1.1" 200 77
2019-03-29 09:02:48,251 INFO     D:\Python36\lib\site-packages\django\core\servers\basehttp.py[line:124] "GET /servers/service/ HTTP/1.1" 200 1528
2019-03-29 09:11:37,592 INFO     D:\Python36\lib\site-packages\django\core\servers\basehttp.py[line:124] "OPTIONS /servers/service/ HTTP/1.1" 200 0
2019-03-29 09:11:37,862 INFO     D:\Python36\lib\site-packages\django\core\servers\basehttp.py[line:124] "POST /servers/service/ HTTP/1.1" 200 78
2019-03-29 09:11:37,870 INFO     D:\Python36\lib\site-packages\django\core\servers\basehttp.py[line:124] "OPTIONS /servers/service/ HTTP/1.1" 200 0
2019-03-29 09:11:37,928 INFO     D:\Python36\lib\site-packages\django\core\servers\basehttp.py[line:124] "GET /servers/service/ HTTP/1.1" 200 1631
2019-03-29 09:23:30,862 INFO     D:\Python36\lib\site-packages\django\core\servers\basehttp.py[line:124] "OPTIONS /servers/service/ HTTP/1.1" 200 0
2019-03-29 09:23:30,933 INFO     D:\Python36\lib\site-packages\django\core\servers\basehttp.py[line:124] "GET /servers/service/ HTTP/1.1" 200 1631
2019-03-29 16:06:16,790 INFO     D:\Python36\lib\site-packages\django\core\servers\basehttp.py[line:124] "OPTIONS /servers/service/ HTTP/1.1" 200 0
2019-03-29 16:06:16,967 INFO     D:\Python36\lib\site-packages\django\core\servers\basehttp.py[line:124] "GET /servers/service/ HTTP/1.1" 200 1631
2019-03-29 16:11:15,444 INFO     D:\Python36\lib\site-packages\django\core\servers\basehttp.py[line:124] "OPTIONS /servers/service/ HTTP/1.1" 200 0
2019-03-29 16:11:15,646 INFO     D:\Python36\lib\site-packages\django\core\servers\basehttp.py[line:124] "GET /servers/service/ HTTP/1.1" 200 1631
2019-03-29 16:11:33,248 INFO     D:\Python36\lib\site-packages\django\core\servers\basehttp.py[line:124] "OPTIONS /servers/service/ HTTP/1.1" 200 0
2019-03-29 16:11:33,349 INFO     D:\Python36\lib\site-packages\django\core\servers\basehttp.py[line:124] "GET /servers/service/ HTTP/1.1" 200 1631
2019-03-29 16:17:23,095 INFO     D:\Python36\lib\site-packages\django\core\servers\basehttp.py[line:124] "OPTIONS /servers/service/ HTTP/1.1" 200 0
2019-03-29 16:17:23,242 INFO     D:\Python36\lib\site-packages\django\core\servers\basehttp.py[line:124] "GET /servers/service/ HTTP/1.1" 200 1631
2019-03-29 16:17:39,648 INFO     D:\Python36\lib\site-packages\django\core\servers\basehttp.py[line:124] "OPTIONS /servers/service/ HTTP/1.1" 200 0
2019-03-29 16:17:39,658 INFO     D:\Python36\lib\site-packages\django\core\servers\basehttp.py[line:124] "POST /servers/service/ HTTP/1.1" 200 90
2019-03-29 16:17:48,943 INFO     D:\Python36\lib\site-packages\django\core\servers\basehttp.py[line:124] "OPTIONS /servers/service/ HTTP/1.1" 200 0
2019-03-29 16:17:49,246 INFO     D:\Python36\lib\site-packages\django\core\servers\basehttp.py[line:124] "POST /servers/service/ HTTP/1.1" 200 78
2019-03-29 16:17:49,253 INFO     D:\Python36\lib\site-packages\django\core\servers\basehttp.py[line:124] "OPTIONS /servers/service/ HTTP/1.1" 200 0
2019-03-29 16:17:49,390 INFO     D:\Python36\lib\site-packages\django\core\servers\basehttp.py[line:124] "GET /servers/service/ HTTP/1.1" 200 1736
2019-03-29 16:18:31,806 INFO     D:\Python36\lib\site-packages\django\core\servers\basehttp.py[line:124] "OPTIONS /servers/service/ HTTP/1.1" 200 0
2019-03-29 16:18:31,911 INFO     D:\Python36\lib\site-packages\django\core\servers\basehttp.py[line:124] "GET /servers/service/ HTTP/1.1" 200 1736
2019-03-29 16:18:53,722 INFO     D:\Python36\lib\site-packages\django\core\servers\basehttp.py[line:124] "OPTIONS /servers/service/ HTTP/1.1" 200 0
2019-03-29 16:18:53,889 INFO     D:\Python36\lib\site-packages\django\core\servers\basehttp.py[line:124] "GET /servers/service/ HTTP/1.1" 200 1736
2019-03-29 16:19:30,132 INFO     D:\Python36\lib\site-packages\django\core\servers\basehttp.py[line:124] "OPTIONS /servers/service/ HTTP/1.1" 200 0
2019-03-29 16:19:30,245 INFO     D:\Python36\lib\site-packages\django\core\servers\basehttp.py[line:124] "GET /servers/service/ HTTP/1.1" 200 1736
2019-03-29 16:20:18,221 INFO     D:\Python36\lib\site-packages\django\core\servers\basehttp.py[line:124] "OPTIONS /servers/service/ HTTP/1.1" 200 0
2019-03-29 16:20:18,330 INFO     D:\Python36\lib\site-packages\django\core\servers\basehttp.py[line:124] "GET /servers/service/ HTTP/1.1" 200 1736
2019-03-29 16:20:43,900 INFO     D:\Python36\lib\site-packages\django\core\servers\basehttp.py[line:124] "OPTIONS /servers/service/ HTTP/1.1" 200 0
2019-03-29 16:20:43,980 INFO     D:\Python36\lib\site-packages\django\core\servers\basehttp.py[line:124] "GET /servers/service/ HTTP/1.1" 200 1736
2019-03-29 16:21:16,212 INFO     D:\Python36\lib\site-packages\django\core\servers\basehttp.py[line:124] "OPTIONS /servers/service/ HTTP/1.1" 200 0
2019-03-29 16:21:16,222 INFO     D:\Python36\lib\site-packages\django\core\servers\basehttp.py[line:124] "OPTIONS /user/usr/ HTTP/1.1" 200 0
2019-03-29 16:21:16,368 INFO     D:\Python36\lib\site-packages\django\core\servers\basehttp.py[line:124] "GET /user/usr/ HTTP/1.1" 200 77
2019-03-29 16:21:16,378 INFO     D:\Python36\lib\site-packages\django\core\servers\basehttp.py[line:124] "GET /servers/service/ HTTP/1.1" 200 1736
2019-03-29 16:22:41,940 INFO     D:\Python36\lib\site-packages\django\core\servers\basehttp.py[line:124] "OPTIONS /servers/service/ HTTP/1.1" 200 0
2019-03-29 16:22:42,031 INFO     D:\Python36\lib\site-packages\django\core\servers\basehttp.py[line:124] "GET /servers/service/ HTTP/1.1" 200 1736
2019-03-29 17:55:36,315 INFO     D:\Python36\lib\site-packages\django\core\servers\basehttp.py[line:124] "OPTIONS /servers/service/ HTTP/1.1" 200 0
2019-03-29 17:55:36,477 INFO     D:\Python36\lib\site-packages\django\core\servers\basehttp.py[line:124] "GET /servers/service/ HTTP/1.1" 200 1736
2019-03-29 17:56:43,454 INFO     D:\Python36\lib\site-packages\django\core\servers\basehttp.py[line:124] "OPTIONS /servers/service/ HTTP/1.1" 200 0
2019-03-29 17:56:43,647 INFO     D:\Python36\lib\site-packages\django\core\servers\basehttp.py[line:124] "GET /servers/service/ HTTP/1.1" 200 1736
2019-03-29 17:57:26,428 INFO     D:\Python36\lib\site-packages\django\core\servers\basehttp.py[line:124] "OPTIONS /servers/service/ HTTP/1.1" 200 0
2019-03-29 17:57:26,611 INFO     D:\Python36\lib\site-packages\django\core\servers\basehttp.py[line:124] "GET /servers/service/ HTTP/1.1" 200 1736
2019-03-29 17:59:25,344 INFO     D:\Python36\lib\site-packages\django\core\servers\basehttp.py[line:124] "OPTIONS /servers/service/ HTTP/1.1" 200 0
2019-03-29 17:59:25,416 INFO     D:\Python36\lib\site-packages\django\core\servers\basehttp.py[line:124] "GET /servers/service/ HTTP/1.1" 200 1736
2019-03-29 17:59:26,904 INFO     D:\Python36\lib\site-packages\django\core\servers\basehttp.py[line:124] "OPTIONS /servers/service/ HTTP/1.1" 200 0
2019-03-29 17:59:26,974 INFO     D:\Python36\lib\site-packages\django\core\servers\basehttp.py[line:124] "GET /servers/service/ HTTP/1.1" 200 1736
2019-03-29 17:59:29,322 INFO     D:\Python36\lib\site-packages\django\core\servers\basehttp.py[line:124] "OPTIONS /servers/service/ HTTP/1.1" 200 0
2019-03-29 17:59:29,394 INFO     D:\Python36\lib\site-packages\django\core\servers\basehttp.py[line:124] "GET /servers/service/ HTTP/1.1" 200 1736
2019-03-29 17:59:46,201 INFO     D:\Python36\lib\site-packages\django\core\servers\basehttp.py[line:124] "OPTIONS /servers/service/ HTTP/1.1" 200 0
2019-03-29 17:59:46,285 INFO     D:\Python36\lib\site-packages\django\core\servers\basehttp.py[line:124] "GET /servers/service/ HTTP/1.1" 200 1736
2019-03-29 18:00:57,703 INFO     D:\Python36\lib\site-packages\django\core\servers\basehttp.py[line:124] "OPTIONS /servers/service/ HTTP/1.1" 200 0
2019-03-29 18:00:57,905 INFO     D:\Python36\lib\site-packages\django\core\servers\basehttp.py[line:124] "POST /servers/service/ HTTP/1.1" 200 78
2019-03-29 18:00:57,914 INFO     D:\Python36\lib\site-packages\django\core\servers\basehttp.py[line:124] "OPTIONS /servers/service/ HTTP/1.1" 200 0
2019-03-29 18:00:58,030 INFO     D:\Python36\lib\site-packages\django\core\servers\basehttp.py[line:124] "GET /servers/service/ HTTP/1.1" 200 1844
2019-04-02 19:30:12,539 WARNING  D:\Python36\lib\site-packages\django\utils\log.py[line:228] Not Found: /
2019-04-02 19:30:13,136 WARNING  D:\Python36\lib\site-packages\django\core\servers\basehttp.py[line:124] "GET / HTTP/1.1" 404 2138
2019-04-02 19:30:13,238 WARNING  D:\Python36\lib\site-packages\django\utils\log.py[line:228] Not Found: /favicon.ico
2019-04-02 19:30:13,240 WARNING  D:\Python36\lib\site-packages\django\core\servers\basehttp.py[line:124] "GET /favicon.ico HTTP/1.1" 404 2189
